SECUENCIACION
	ASIGNACION
		- var: bar
		- val: 3
	ITERACION_INDET
		- guardia:
			 BIN_RELACIONAL
			- operacion: 'Mayor que'
			- operador izquierdo: bar
			- operador derecho: 2
		- instruccion: 
			SECUENCIACION
				ASIGNACION
				- var: foo
				- val: BIN_ARITMETICO
					- operacion: 'Suma'
					- operador izquierdo: 35
					- operador derecho: bar
				SECUENCIACION
					ASIGNACION
						- var: bar
						- val: true
					ASIGNACION
						- var: sopa
						- val: VARIABLE
							- nombre: magia

